<?xml version="1.0" encoding="UTF-8"?>
<!-- Generated by org.testng.reporters.JUnitXMLReporter -->
<testsuite hostname="swap" ignored="0" name="Default test" tests="4" failures="0" timestamp="2021-09-29T19:04:23 IST" time="0.421" errors="0">
  <testcase name="ft" time="0.033" classname="com.cybage.lakras.lakras.SecondTest"/>
  <testcase name="st" time="0.003" classname="com.cybage.lakras.lakras.SecondTest"/>
  <testcase name="ft" time="0.003" classname="com.cybage.lakras.lakras.FirstTest"/>
  <testcase name="st" time="0.003" classname="com.cybage.lakras.lakras.FirstTest"/>
</testsuite> <!-- Default test -->
