<?xml version="1.0" encoding="UTF-8"?>
<!-- Generated by org.testng.reporters.JUnitXMLReporter -->
<testsuite ignored="0" hostname="swap" failures="0" tests="4" name="Test" time="0.115" errors="0" timestamp="2021-09-30T13:41:44 IST">
  <testcase classname="com.cybage.lakras.lakras.FirstTest" name="ft" time="0.014"/>
  <testcase classname="com.cybage.lakras.lakras.FirstTest" name="st" time="0.002"/>
  <testcase classname="com.cybage.lakras.lakras.SecondTest" name="ft" time="0.003"/>
  <testcase classname="com.cybage.lakras.lakras.SecondTest" name="st" time="0.003"/>
</testsuite> <!-- Test -->
