<?xml version="1.0" encoding="UTF-8"?>
<!-- Generated by org.testng.reporters.JUnitXMLReporter -->
<testsuite hostname="swap" name="Test" tests="4" failures="0" timestamp="30 Sep 2021 10:20:51 GMT" time="0.048" errors="0">
  <testcase name="ftest" time="0.013" classname="com.cybage.lakras.lakras.FirstTest"/>
  <testcase name="st" time="0.002" classname="com.cybage.lakras.lakras.FirstTest"/>
  <testcase name="ft" time="0.0" classname="com.cybage.lakras.lakras.SecondTest"/>
  <testcase name="st" time="0.0" classname="com.cybage.lakras.lakras.SecondTest"/>
</testsuite> <!-- Test -->
